<?xml version="1.0" encoding="UTF-8"?>
<!-- Generated by org.testng.reporters.JUnitXMLReporter -->
<testsuite ignored="0" hostname="LAPTOP-9U10MB95" failures="0" tests="1" name="EdgeTest" time="0.011" errors="0" timestamp="2025-02-04T09:56:53 IST">
  <testcase classname="crossBrowser.CrossBrowserTest" name="@BeforeSuite intialize" time="-1.738643212873E9">
    <failure type="org.testng.TestNGException" message="
Parameter &amp;apos;browser&amp;apos; is required by BeforeSuite on method intialize but has not been marked @Optional or defined
in C:\Users\Rajesh kasture\eclipse-workspace\RkProjectDec2024\RKProjectDec24\Crossbrowser\testng.xml">
      <![CDATA[org.testng.TestNGException: 
Parameter 'browser' is required by BeforeSuite on method intialize but has not been marked @Optional or defined
in C:\Users\Rajesh kasture\eclipse-workspace\RkProjectDec2024\RKProjectDec24\Crossbrowser\testng.xml
... Removed 16 stack frames]]>
    </failure>
  </testcase> <!-- @BeforeSuite intialize -->
  <testcase classname="crossBrowser.CrossBrowserTest" name="Test" time="0.0">
    <skipped/>
  </testcase> <!-- Test -->
</testsuite> <!-- EdgeTest -->
